[25Apr2025 00:00:44.822] [Server thread/INFO] [net.minecraft.server.MinecraftServer/]: [Not Secure] <Pokenaito> creo que anda a q karla
[25Apr2025 00:00:59.872] [Server thread/INFO] [net.minecraft.server.MinecraftServer/]: [Not Secure] <Pokenaito> hoy le toca
[25Apr2025 00:04:12.616] [Server thread/INFO] [net.minecraft.server.MinecraftServer/]: [Not Secure] <Pokenaito> si se hace de noche me avisas, traje cama
[25Apr2025 00:04:56.003] [Server thread/INFO] [net.minecraft.server.MinecraftServer/]: [Not Secure] <Pokenaito> que pocion hisistes?
[25Apr2025 00:05:07.494] [Server thread/INFO] [net.minecraft.server.MinecraftServer/]: [Not Secure] <Pokenaito> ah nose
[25Apr2025 00:05:11.599] [Server thread/INFO] [net.minecraft.server.MinecraftServer/]: [Not Secure] <Pokenaito> yo se de las normales
[25Apr2025 00:07:28.321] [Server thread/INFO] [net.minecraft.server.MinecraftServer/]: [Not Secure] <Pokenaito> si pero ya estoy minando
[25Apr2025 00:07:37.701] [Server thread/INFO] [net.minecraft.server.MinecraftServer/]: [Not Secure] <Pokenaito> cual es la capa buena pa los diamantes?
[25Apr2025 00:10:13.521] [Server thread/INFO] [net.minecraft.server.MinecraftServer/]: [Not Secure] <Pokenaito> hey quer cual es la capa buena pa los diamantes
[25Apr2025 00:10:27.671] [Server thread/INFO] [net.minecraft.server.MinecraftServer/]: [Not Secure] <Pokenaito> -57 ok
[25Apr2025 00:16:43.621] [Server thread/INFO] [net.minecraft.server.MinecraftServer/]: [Not Secure] <Pokenaito> asda
[25Apr2025 00:16:56.925] [Server thread/INFO] [net.minecraft.server.MinecraftServer/]: [Not Secure] <Pokenaito> pto lag
[25Apr2025 00:17:29.657] [Server thread/INFO] [net.minecraft.world.entity.npc.Villager/]: Villager Villager['Villager'/27273, l='ServerLevel[world]', x=-661.48, y=-256.00, z=409.90] died, message: 'Villager was killed'
[25Apr2025 00:19:02.917] [Server thread/INFO] [net.minecraft.server.MinecraftServer/]: [Not Secure] <Pokenaito> argenis si me dijo que aprovechara mi lag pa duplicar objetos xD
[25Apr2025 00:21:52.356] [Server thread/INFO] [net.minecraft.world.entity.npc.Villager/]: Villager Villager['Villager'/29248, l='ServerLevel[world]', x=-661.43, y=-256.00, z=409.92] died, message: 'Villager was killed'
[25Apr2025 00:22:30.406] [Server thread/INFO] [net.minecraft.world.entity.npc.Villager/]: Villager Villager['Villager'/29520, l='ServerLevel[world]', x=-661.75, y=-256.00, z=409.97] died, message: 'Villager was killed'
[25Apr2025 00:22:46.668] [Server thread/INFO] [net.minecraft.server.MinecraftServer/]: [Not Secure] <Pokenaito> laaaaaaaaaag
[25Apr2025 00:24:15.367] [Server thread/INFO] [net.minecraft.server.MinecraftServer/]: [Not Secure] <Pokenaito> ?
[25Apr2025 00:24:24.722] [Server thread/INFO] [net.minecraft.server.MinecraftServer/]: [Not Secure] <Pokenaito> idk
[25Apr2025 00:26:02.017] [Server thread/INFO] [net.minecraft.server.MinecraftServer/]: Pokenaito has made the advancement [Night Night]
[25Apr2025 00:26:11.370] [Server thread/INFO] [net.minecraft.server.MinecraftServer/]: [Not Secure] <Pokenaito> AAAAAAAAAAS
[25Apr2025 00:26:20.019] [Server thread/INFO] [net.minecraft.server.MinecraftServer/]: [Not Secure] <Pokenaito> ayuaaaaa
[25Apr2025 00:28:02.843] [Server thread/INFO] [net.minecraft.server.MinecraftServer/]: [Not Secure] <Pokenaito> ok basicamente me aparecieron unas moscas
[25Apr2025 00:28:07.091] [Server thread/INFO] [net.minecraft.server.MinecraftServer/]: [Not Secure] <Pokenaito> grandotas
[25Apr2025 00:28:20.782] [Server thread/INFO] [net.minecraft.server.MinecraftServer/]: [Not Secure] <Pokenaito> que me dieron un ceguera y un verguero de efectos
[25Apr2025 00:28:30.946] [Server thread/INFO] [net.minecraft.server.MinecraftServer/]: [Not Secure] <Pokenaito> y no hayaba como hacer
[25Apr2025 00:28:53.469] [Server thread/INFO] [net.minecraft.server.MinecraftServer/]: [Not Secure] <Pokenaito> ya me safe
[25Apr2025 00:29:03.616] [Server thread/INFO] [net.minecraft.server.MinecraftServer/]: [Not Secure] <Pokenaito> pero me pegaron un susto las mamaguebas
[25Apr2025 00:29:30.723] [Server thread/INFO] [net.minecraft.server.MinecraftServer/]: [Not Secure] <Pokenaito> si creo
[25Apr2025 00:31:19.383] [Server thread/INFO] [net.minecraft.server.MinecraftServer/]: [Not Secure] <Pokenaito> estoy vivo we
[25Apr2025 00:31:26.117] [Server thread/INFO] [net.minecraft.server.MinecraftServer/]: [Not Secure] <Pokenaito> las moscas solo pegan el susto
[25Apr2025 00:31:32.374] [Server thread/INFO] [net.minecraft.server.MinecraftServer/]: [Not Secure] <Pokenaito> pero pegan poco
[25Apr2025 00:37:27.756] [Server thread/INFO] [net.minecraft.world.entity.npc.Villager/]: Villager Villager['Villager'/36248, l='ServerLevel[world]', x=-734.57, y=-256.00, z=300.30] died, message: 'Villager was killed'
[25Apr2025 00:37:35.617] [Server thread/INFO] [net.minecraft.server.MinecraftServer/]: [Not Secure] <Pokenaito> xd
[25Apr2025 00:39:53.756] [Server thread/INFO] [net.minecraft.world.entity.npc.Villager/]: Villager Villager['Villager'/37168, l='ServerLevel[world]', x=-765.25, y=-256.00, z=350.01] died, message: 'Villager was killed'
[25Apr2025 00:40:03.724] [Server thread/INFO] [net.minecraft.server.MinecraftServer/]: [Not Secure] <Pokenaito> se que hay crafteos pa eso
[25Apr2025 00:40:13.189] [Server thread/INFO] [net.minecraft.server.MinecraftServer/]: [Not Secure] <Pokenaito> las waystones se hacen con amatista
[25Apr2025 00:40:33.226] [Server thread/INFO] [net.minecraft.server.MinecraftServer/]: [Not Secure] <Pokenaito> osea los tp
[25Apr2025 00:41:05.427] [Server thread/INFO] [net.minecraft.server.MinecraftServer/]: [Not Secure] <Pokenaito> sueltame lag
